[31-Aug-2018 20:02:31 UTC] PHP Fatal error:  Uncaught Error: Call to undefined function has_posts() in /var/www/html/wordpress101/wp-content/themes/awesometheme/index.php:3
Stack trace:
#0 /var/www/html/wordpress101/wp-includes/template-loader.php(74): include()
#1 /var/www/html/wordpress101/wp-blog-header.php(19): require_once('/var/www/html/w...')
#2 /var/www/html/wordpress101/index.php(17): require('/var/www/html/w...')
#3 {main}
  thrown in /var/www/html/wordpress101/wp-content/themes/awesometheme/index.php on line 3
[31-Aug-2018 20:05:19 UTC] PHP Fatal error:  Maximum execution time of 30 seconds exceeded in /var/www/html/wordpress101/wp-includes/class-wp-hook.php on line 300
[03-Sep-2018 19:47:31 UTC] WP_Community_Events::maybe_log_events_response: Valid response received. Details: {"api_url":"https:\/\/api.wordpress.org\/events\/1.0\/","request_args":{"body":{"number":5,"ip":"::","locale":"en_US","timezone":"America\/Caracas"}},"response_code":200,"response_body":{"location":{"ip":"200.74.201.250"},"events":"1 events trimmed."}}
[03-Sep-2018 20:04:57 UTC] PHP Warning:  imagecreatetruecolor(): Invalid image dimensions in /var/www/html/wordpress101/wp-includes/media.php on line 2833
[03-Sep-2018 20:04:57 UTC] PHP Warning:  imagecopyresampled() expects parameter 1 to be resource, boolean given in /var/www/html/wordpress101/wp-includes/class-wp-image-editor-gd.php on line 296
[04-Sep-2018 14:27:06 UTC] WP_Community_Events::maybe_log_events_response: Valid response received. Details: {"api_url":"https:\/\/api.wordpress.org\/events\/1.0\/","request_args":{"body":{"number":5,"ip":"::","locale":"en_US","timezone":"America\/Caracas"}},"response_code":200,"response_body":{"location":{"ip":"200.74.201.250"},"events":"1 events trimmed."}}
[05-Sep-2018 19:08:39 UTC] PHP Parse error:  syntax error, unexpected ':', expecting ';' in /var/www/html/wordpress101/wp-content/themes/awesometheme/content-featured.php on line 9
[05-Sep-2018 19:19:39 UTC] PHP Parse error:  syntax error, unexpected '>', expecting elseif (T_ELSEIF) or else (T_ELSE) or endif (T_ENDIF) in /var/www/html/wordpress101/wp-content/themes/awesometheme/page-home.php on line 18
[05-Sep-2018 20:50:13 UTC] PHP Fatal error:  Maximum execution time of 30 seconds exceeded in /var/www/html/wordpress101/wp-includes/post.php on line 534
[05-Sep-2018 20:51:22 UTC] PHP Fatal error:  Maximum execution time of 30 seconds exceeded in /var/www/html/wordpress101/wp-includes/kses.php on line 1328
[06-Sep-2018 15:46:11 UTC] PHP Parse error:  syntax error, unexpected '/' in /var/www/html/wordpress101/wp-content/themes/awesometheme/functions.php on line 15
[06-Sep-2018 15:46:13 UTC] PHP Parse error:  syntax error, unexpected '/' in /var/www/html/wordpress101/wp-content/themes/awesometheme/functions.php on line 15
[06-Sep-2018 15:46:13 UTC] PHP Parse error:  syntax error, unexpected '/' in /var/www/html/wordpress101/wp-content/themes/awesometheme/functions.php on line 15
[06-Sep-2018 15:46:13 UTC] PHP Parse error:  syntax error, unexpected '/' in /var/www/html/wordpress101/wp-content/themes/awesometheme/functions.php on line 15
[06-Sep-2018 15:46:13 UTC] PHP Parse error:  syntax error, unexpected '/' in /var/www/html/wordpress101/wp-content/themes/awesometheme/functions.php on line 15
[06-Sep-2018 15:46:14 UTC] PHP Parse error:  syntax error, unexpected '/' in /var/www/html/wordpress101/wp-content/themes/awesometheme/functions.php on line 15
[06-Sep-2018 20:37:24 UTC] PHP Parse error:  syntax error, unexpected 'endwhile' (T_ENDWHILE) in /var/www/html/wordpress101/wp-content/themes/awesometheme/index.php on line 38
[06-Sep-2018 20:37:25 UTC] PHP Parse error:  syntax error, unexpected 'endwhile' (T_ENDWHILE) in /var/www/html/wordpress101/wp-content/themes/awesometheme/index.php on line 38
[06-Sep-2018 20:37:25 UTC] PHP Parse error:  syntax error, unexpected 'endwhile' (T_ENDWHILE) in /var/www/html/wordpress101/wp-content/themes/awesometheme/index.php on line 38
[06-Sep-2018 20:37:25 UTC] PHP Parse error:  syntax error, unexpected 'endwhile' (T_ENDWHILE) in /var/www/html/wordpress101/wp-content/themes/awesometheme/index.php on line 38
[06-Sep-2018 20:38:17 UTC] PHP Parse error:  syntax error, unexpected 'endwhile' (T_ENDWHILE) in /var/www/html/wordpress101/wp-content/themes/awesometheme/index.php on line 38
[06-Sep-2018 20:38:18 UTC] PHP Parse error:  syntax error, unexpected 'endwhile' (T_ENDWHILE) in /var/www/html/wordpress101/wp-content/themes/awesometheme/index.php on line 38
[06-Sep-2018 20:38:18 UTC] PHP Parse error:  syntax error, unexpected 'endwhile' (T_ENDWHILE) in /var/www/html/wordpress101/wp-content/themes/awesometheme/index.php on line 38
[06-Sep-2018 20:38:18 UTC] PHP Parse error:  syntax error, unexpected 'endwhile' (T_ENDWHILE) in /var/www/html/wordpress101/wp-content/themes/awesometheme/index.php on line 38
[06-Sep-2018 20:38:18 UTC] PHP Parse error:  syntax error, unexpected 'endwhile' (T_ENDWHILE) in /var/www/html/wordpress101/wp-content/themes/awesometheme/index.php on line 38
[06-Sep-2018 20:45:51 UTC] PHP Parse error:  syntax error, unexpected 'if' (T_IF), expecting ':' in /var/www/html/wordpress101/wp-content/themes/awesometheme/index.php on line 25
[06-Sep-2018 20:46:18 UTC] PHP Parse error:  syntax error, unexpected 'if' (T_IF), expecting ':' in /var/www/html/wordpress101/wp-content/themes/awesometheme/index.php on line 25
[06-Sep-2018 20:46:23 UTC] PHP Parse error:  syntax error, unexpected 'if' (T_IF), expecting ':' in /var/www/html/wordpress101/wp-content/themes/awesometheme/index.php on line 39
[06-Sep-2018 20:46:23 UTC] PHP Parse error:  syntax error, unexpected 'if' (T_IF), expecting ':' in /var/www/html/wordpress101/wp-content/themes/awesometheme/index.php on line 39
[06-Sep-2018 20:46:24 UTC] PHP Parse error:  syntax error, unexpected 'if' (T_IF), expecting ':' in /var/www/html/wordpress101/wp-content/themes/awesometheme/index.php on line 39
[06-Sep-2018 20:46:24 UTC] PHP Parse error:  syntax error, unexpected 'if' (T_IF), expecting ':' in /var/www/html/wordpress101/wp-content/themes/awesometheme/index.php on line 39
[06-Sep-2018 20:46:24 UTC] PHP Parse error:  syntax error, unexpected 'if' (T_IF), expecting ':' in /var/www/html/wordpress101/wp-content/themes/awesometheme/index.php on line 39
[06-Sep-2018 20:48:15 UTC] PHP Parse error:  syntax error, unexpected 'if' (T_IF), expecting ':' in /var/www/html/wordpress101/wp-content/themes/awesometheme/index.php on line 25
[06-Sep-2018 20:48:15 UTC] PHP Parse error:  syntax error, unexpected 'if' (T_IF), expecting ':' in /var/www/html/wordpress101/wp-content/themes/awesometheme/index.php on line 25
[06-Sep-2018 20:48:15 UTC] PHP Parse error:  syntax error, unexpected 'if' (T_IF), expecting ':' in /var/www/html/wordpress101/wp-content/themes/awesometheme/index.php on line 25
[06-Sep-2018 20:48:15 UTC] PHP Parse error:  syntax error, unexpected 'if' (T_IF), expecting ':' in /var/www/html/wordpress101/wp-content/themes/awesometheme/index.php on line 25
[06-Sep-2018 20:48:23 UTC] PHP Parse error:  syntax error, unexpected 'if' (T_IF), expecting ':' in /var/www/html/wordpress101/wp-content/themes/awesometheme/index.php on line 39
[07-Sep-2018 15:43:08 UTC] PHP Notice:  Undefined variable: clas in /var/www/html/wordpress101/wp-content/themes/awesometheme/index.php on line 18
[07-Sep-2018 15:43:08 UTC] PHP Notice:  Undefined variable: clas in /var/www/html/wordpress101/wp-content/themes/awesometheme/index.php on line 18
[07-Sep-2018 15:43:08 UTC] PHP Notice:  Undefined variable: clas in /var/www/html/wordpress101/wp-content/themes/awesometheme/index.php on line 18
[07-Sep-2018 15:43:08 UTC] PHP Notice:  Undefined variable: clas in /var/www/html/wordpress101/wp-content/themes/awesometheme/index.php on line 18
[07-Sep-2018 15:43:08 UTC] PHP Notice:  Undefined variable: clas in /var/www/html/wordpress101/wp-content/themes/awesometheme/index.php on line 18
[07-Sep-2018 15:43:08 UTC] PHP Notice:  Undefined variable: clas in /var/www/html/wordpress101/wp-content/themes/awesometheme/index.php on line 18
[07-Sep-2018 15:43:21 UTC] PHP Notice:  Undefined variable: class in /var/www/html/wordpress101/wp-content/themes/awesometheme/index.php on line 18
[07-Sep-2018 15:43:21 UTC] PHP Notice:  Undefined variable: class in /var/www/html/wordpress101/wp-content/themes/awesometheme/index.php on line 18
[07-Sep-2018 15:43:22 UTC] PHP Notice:  Undefined variable: class in /var/www/html/wordpress101/wp-content/themes/awesometheme/index.php on line 18
[07-Sep-2018 15:43:22 UTC] PHP Notice:  Undefined variable: class in /var/www/html/wordpress101/wp-content/themes/awesometheme/index.php on line 18
[07-Sep-2018 15:43:50 UTC] PHP Notice:  Undefined variable: class in /var/www/html/wordpress101/wp-content/themes/awesometheme/index.php on line 18
[07-Sep-2018 15:43:51 UTC] PHP Notice:  Undefined variable: class in /var/www/html/wordpress101/wp-content/themes/awesometheme/index.php on line 18
[07-Sep-2018 15:44:01 UTC] PHP Notice:  Undefined variable: class in /var/www/html/wordpress101/wp-content/themes/awesometheme/index.php on line 18
[07-Sep-2018 15:44:01 UTC] PHP Notice:  Undefined variable: class in /var/www/html/wordpress101/wp-content/themes/awesometheme/index.php on line 18
[07-Sep-2018 15:44:02 UTC] PHP Notice:  Undefined variable: class in /var/www/html/wordpress101/wp-content/themes/awesometheme/index.php on line 18
[07-Sep-2018 15:44:02 UTC] PHP Notice:  Undefined variable: class in /var/www/html/wordpress101/wp-content/themes/awesometheme/index.php on line 18
[07-Sep-2018 15:44:03 UTC] PHP Notice:  Undefined variable: class in /var/www/html/wordpress101/wp-content/themes/awesometheme/index.php on line 18
[07-Sep-2018 15:44:04 UTC] PHP Notice:  Undefined variable: class in /var/www/html/wordpress101/wp-content/themes/awesometheme/index.php on line 18
[07-Sep-2018 15:44:04 UTC] PHP Notice:  Undefined variable: class in /var/www/html/wordpress101/wp-content/themes/awesometheme/index.php on line 18
[07-Sep-2018 15:44:05 UTC] PHP Notice:  Undefined variable: class in /var/www/html/wordpress101/wp-content/themes/awesometheme/index.php on line 18
[07-Sep-2018 15:44:05 UTC] PHP Notice:  Undefined variable: class in /var/www/html/wordpress101/wp-content/themes/awesometheme/index.php on line 18
[07-Sep-2018 15:45:08 UTC] PHP Notice:  Undefined variable: class in /var/www/html/wordpress101/wp-content/themes/awesometheme/index.php on line 18
[07-Sep-2018 15:45:08 UTC] PHP Notice:  Undefined variable: class in /var/www/html/wordpress101/wp-content/themes/awesometheme/index.php on line 18
[07-Sep-2018 15:47:45 UTC] PHP Notice:  Undefined variable: class in /var/www/html/wordpress101/wp-content/themes/awesometheme/index.php on line 18
[07-Sep-2018 15:47:46 UTC] PHP Notice:  Undefined variable: class in /var/www/html/wordpress101/wp-content/themes/awesometheme/index.php on line 18
[07-Sep-2018 15:47:46 UTC] PHP Notice:  Undefined variable: class in /var/www/html/wordpress101/wp-content/themes/awesometheme/index.php on line 18
[07-Sep-2018 15:47:46 UTC] PHP Notice:  Undefined variable: class in /var/www/html/wordpress101/wp-content/themes/awesometheme/index.php on line 18
[07-Sep-2018 15:48:49 UTC] PHP Notice:  Undefined variable: class in /var/www/html/wordpress101/wp-content/themes/awesometheme/index.php on line 18
[07-Sep-2018 15:48:49 UTC] PHP Notice:  Undefined variable: class in /var/www/html/wordpress101/wp-content/themes/awesometheme/index.php on line 18
[07-Sep-2018 15:48:49 UTC] PHP Notice:  Undefined variable: class in /var/www/html/wordpress101/wp-content/themes/awesometheme/index.php on line 18
[07-Sep-2018 15:48:49 UTC] PHP Notice:  Undefined variable: class in /var/www/html/wordpress101/wp-content/themes/awesometheme/index.php on line 18
[07-Sep-2018 15:49:37 UTC] PHP Notice:  Undefined variable: class in /var/www/html/wordpress101/wp-content/themes/awesometheme/index.php on line 18
[07-Sep-2018 15:49:38 UTC] PHP Notice:  Undefined variable: class in /var/www/html/wordpress101/wp-content/themes/awesometheme/index.php on line 18
[07-Sep-2018 15:49:38 UTC] PHP Notice:  Undefined variable: class in /var/www/html/wordpress101/wp-content/themes/awesometheme/index.php on line 18
[07-Sep-2018 15:49:38 UTC] PHP Notice:  Undefined variable: class in /var/www/html/wordpress101/wp-content/themes/awesometheme/index.php on line 18
[07-Sep-2018 15:49:38 UTC] PHP Notice:  Undefined variable: class in /var/www/html/wordpress101/wp-content/themes/awesometheme/index.php on line 18
[07-Sep-2018 15:50:24 UTC] PHP Notice:  Undefined variable: class in /var/www/html/wordpress101/wp-content/themes/awesometheme/index.php on line 18
[07-Sep-2018 15:51:09 UTC] PHP Notice:  Undefined variable: class in /var/www/html/wordpress101/wp-content/themes/awesometheme/index.php on line 18
[07-Sep-2018 15:51:09 UTC] PHP Notice:  Undefined variable: class in /var/www/html/wordpress101/wp-content/themes/awesometheme/index.php on line 18
[07-Sep-2018 15:51:10 UTC] PHP Notice:  Undefined variable: class in /var/www/html/wordpress101/wp-content/themes/awesometheme/index.php on line 18
[07-Sep-2018 15:51:10 UTC] PHP Notice:  Undefined variable: class in /var/www/html/wordpress101/wp-content/themes/awesometheme/index.php on line 18
[07-Sep-2018 15:51:10 UTC] PHP Notice:  Undefined variable: class in /var/www/html/wordpress101/wp-content/themes/awesometheme/index.php on line 18
[07-Sep-2018 15:54:21 UTC] PHP Notice:  Undefined variable: class in /var/www/html/wordpress101/wp-content/themes/awesometheme/index.php on line 18
[07-Sep-2018 15:54:21 UTC] PHP Notice:  Undefined variable: class in /var/www/html/wordpress101/wp-content/themes/awesometheme/index.php on line 18
[07-Sep-2018 15:54:21 UTC] PHP Notice:  Undefined variable: class in /var/www/html/wordpress101/wp-content/themes/awesometheme/index.php on line 18
[07-Sep-2018 15:54:22 UTC] PHP Notice:  Undefined variable: class in /var/www/html/wordpress101/wp-content/themes/awesometheme/index.php on line 18
[07-Sep-2018 15:54:22 UTC] PHP Notice:  Undefined variable: class in /var/www/html/wordpress101/wp-content/themes/awesometheme/index.php on line 18
[07-Sep-2018 15:54:22 UTC] PHP Notice:  Undefined variable: class in /var/www/html/wordpress101/wp-content/themes/awesometheme/index.php on line 18
[07-Sep-2018 15:54:24 UTC] PHP Notice:  Undefined variable: class in /var/www/html/wordpress101/wp-content/themes/awesometheme/index.php on line 18
[07-Sep-2018 15:54:30 UTC] PHP Notice:  Undefined variable: class in /var/www/html/wordpress101/wp-content/themes/awesometheme/index.php on line 18
[07-Sep-2018 15:54:31 UTC] PHP Notice:  Undefined variable: class in /var/www/html/wordpress101/wp-content/themes/awesometheme/index.php on line 18
[07-Sep-2018 15:54:31 UTC] PHP Notice:  Undefined variable: class in /var/www/html/wordpress101/wp-content/themes/awesometheme/index.php on line 18
[07-Sep-2018 15:54:31 UTC] PHP Notice:  Undefined variable: class in /var/www/html/wordpress101/wp-content/themes/awesometheme/index.php on line 18
[07-Sep-2018 15:54:31 UTC] PHP Notice:  Undefined variable: class in /var/www/html/wordpress101/wp-content/themes/awesometheme/index.php on line 18
[07-Sep-2018 15:54:31 UTC] PHP Notice:  Undefined variable: class in /var/www/html/wordpress101/wp-content/themes/awesometheme/index.php on line 18
[07-Sep-2018 15:54:32 UTC] PHP Notice:  Undefined variable: class in /var/www/html/wordpress101/wp-content/themes/awesometheme/index.php on line 18
[07-Sep-2018 15:54:36 UTC] PHP Notice:  Undefined variable: class in /var/www/html/wordpress101/wp-content/themes/awesometheme/index.php on line 18
[07-Sep-2018 15:55:05 UTC] PHP Notice:  Undefined variable: class in /var/www/html/wordpress101/wp-content/themes/awesometheme/index.php on line 18
[07-Sep-2018 15:55:05 UTC] PHP Notice:  Undefined variable: class in /var/www/html/wordpress101/wp-content/themes/awesometheme/index.php on line 18
[07-Sep-2018 15:55:05 UTC] PHP Notice:  Undefined variable: class in /var/www/html/wordpress101/wp-content/themes/awesometheme/index.php on line 18
[07-Sep-2018 15:55:06 UTC] PHP Notice:  Undefined variable: class in /var/www/html/wordpress101/wp-content/themes/awesometheme/index.php on line 18
[07-Sep-2018 15:55:06 UTC] PHP Notice:  Undefined variable: class in /var/www/html/wordpress101/wp-content/themes/awesometheme/index.php on line 18
[07-Sep-2018 15:55:06 UTC] PHP Notice:  Undefined variable: class in /var/www/html/wordpress101/wp-content/themes/awesometheme/index.php on line 18
[07-Sep-2018 15:55:26 UTC] PHP Notice:  Undefined variable: class in /var/www/html/wordpress101/wp-content/themes/awesometheme/index.php on line 18
[07-Sep-2018 15:55:29 UTC] PHP Notice:  Undefined variable: class in /var/www/html/wordpress101/wp-content/themes/awesometheme/index.php on line 18
[07-Sep-2018 15:58:45 UTC] PHP Notice:  Undefined variable: class in /var/www/html/wordpress101/wp-content/themes/awesometheme/index.php on line 18
[07-Sep-2018 15:58:46 UTC] PHP Notice:  Undefined variable: class in /var/www/html/wordpress101/wp-content/themes/awesometheme/index.php on line 18
[07-Sep-2018 15:58:46 UTC] PHP Notice:  Undefined variable: class in /var/www/html/wordpress101/wp-content/themes/awesometheme/index.php on line 18
[07-Sep-2018 15:58:46 UTC] PHP Notice:  Undefined variable: class in /var/www/html/wordpress101/wp-content/themes/awesometheme/index.php on line 18
[07-Sep-2018 15:58:46 UTC] PHP Notice:  Undefined variable: class in /var/www/html/wordpress101/wp-content/themes/awesometheme/index.php on line 18
[07-Sep-2018 15:58:46 UTC] PHP Notice:  Undefined variable: class in /var/www/html/wordpress101/wp-content/themes/awesometheme/index.php on line 18
[07-Sep-2018 15:58:47 UTC] PHP Notice:  Undefined variable: class in /var/www/html/wordpress101/wp-content/themes/awesometheme/index.php on line 18
[07-Sep-2018 15:59:02 UTC] PHP Notice:  Undefined variable: class in /var/www/html/wordpress101/wp-content/themes/awesometheme/index.php on line 18
[07-Sep-2018 15:59:40 UTC] PHP Notice:  Undefined variable: class in /var/www/html/wordpress101/wp-content/themes/awesometheme/index.php on line 18
[07-Sep-2018 15:59:40 UTC] PHP Notice:  Undefined variable: class in /var/www/html/wordpress101/wp-content/themes/awesometheme/index.php on line 18
[07-Sep-2018 15:59:41 UTC] PHP Notice:  Undefined variable: class in /var/www/html/wordpress101/wp-content/themes/awesometheme/index.php on line 18
[07-Sep-2018 15:59:41 UTC] PHP Notice:  Undefined variable: class in /var/www/html/wordpress101/wp-content/themes/awesometheme/index.php on line 18
[07-Sep-2018 16:00:31 UTC] PHP Notice:  Undefined variable: class in /var/www/html/wordpress101/wp-content/themes/awesometheme/index.php on line 18
[07-Sep-2018 16:03:33 UTC] PHP Notice:  Undefined variable: class in /var/www/html/wordpress101/wp-content/themes/awesometheme/index.php on line 18
[07-Sep-2018 16:06:16 UTC] PHP Notice:  Undefined variable: class in /var/www/html/wordpress101/wp-content/themes/awesometheme/index.php on line 18
[07-Sep-2018 16:06:36 UTC] PHP Notice:  Undefined variable: class in /var/www/html/wordpress101/wp-content/themes/awesometheme/index.php on line 18
[07-Sep-2018 16:06:54 UTC] PHP Notice:  Undefined variable: class in /var/www/html/wordpress101/wp-content/themes/awesometheme/index.php on line 18
[07-Sep-2018 16:06:55 UTC] PHP Notice:  Undefined variable: class in /var/www/html/wordpress101/wp-content/themes/awesometheme/index.php on line 18
[07-Sep-2018 16:06:55 UTC] PHP Notice:  Undefined variable: class in /var/www/html/wordpress101/wp-content/themes/awesometheme/index.php on line 18
[07-Sep-2018 16:06:55 UTC] PHP Notice:  Undefined variable: class in /var/www/html/wordpress101/wp-content/themes/awesometheme/index.php on line 18
[07-Sep-2018 16:07:10 UTC] PHP Notice:  Undefined variable: class in /var/www/html/wordpress101/wp-content/themes/awesometheme/index.php on line 18
[07-Sep-2018 16:07:10 UTC] PHP Notice:  Undefined variable: class in /var/www/html/wordpress101/wp-content/themes/awesometheme/index.php on line 18
[07-Sep-2018 16:07:11 UTC] PHP Notice:  Undefined variable: class in /var/www/html/wordpress101/wp-content/themes/awesometheme/index.php on line 18
[07-Sep-2018 16:07:11 UTC] PHP Notice:  Undefined variable: class in /var/www/html/wordpress101/wp-content/themes/awesometheme/index.php on line 18
[07-Sep-2018 16:07:11 UTC] PHP Notice:  Undefined variable: class in /var/www/html/wordpress101/wp-content/themes/awesometheme/index.php on line 18
[07-Sep-2018 16:07:42 UTC] PHP Notice:  Undefined variable: class in /var/www/html/wordpress101/wp-content/themes/awesometheme/index.php on line 18
[07-Sep-2018 16:07:43 UTC] PHP Notice:  Undefined variable: class in /var/www/html/wordpress101/wp-content/themes/awesometheme/index.php on line 18
[07-Sep-2018 16:07:43 UTC] PHP Notice:  Undefined variable: class in /var/www/html/wordpress101/wp-content/themes/awesometheme/index.php on line 18
[07-Sep-2018 16:07:51 UTC] PHP Notice:  Undefined variable: class in /var/www/html/wordpress101/wp-content/themes/awesometheme/index.php on line 18
[07-Sep-2018 16:07:51 UTC] PHP Notice:  Undefined variable: class in /var/www/html/wordpress101/wp-content/themes/awesometheme/index.php on line 18
[07-Sep-2018 16:07:52 UTC] PHP Notice:  Undefined variable: class in /var/www/html/wordpress101/wp-content/themes/awesometheme/index.php on line 18
[07-Sep-2018 16:07:52 UTC] PHP Notice:  Undefined variable: class in /var/www/html/wordpress101/wp-content/themes/awesometheme/index.php on line 18
[07-Sep-2018 16:07:52 UTC] PHP Notice:  Undefined variable: class in /var/www/html/wordpress101/wp-content/themes/awesometheme/index.php on line 18
[07-Sep-2018 16:08:09 UTC] PHP Notice:  Undefined variable: class in /var/www/html/wordpress101/wp-content/themes/awesometheme/index.php on line 18
[07-Sep-2018 16:08:17 UTC] PHP Notice:  Undefined variable: class in /var/www/html/wordpress101/wp-content/themes/awesometheme/index.php on line 18
[07-Sep-2018 16:09:32 UTC] PHP Notice:  Undefined variable: class in /var/www/html/wordpress101/wp-content/themes/awesometheme/index.php on line 18
[07-Sep-2018 16:14:46 UTC] PHP Notice:  Undefined variable: class in /var/www/html/wordpress101/wp-content/themes/awesometheme/index.php on line 18
[07-Sep-2018 16:14:52 UTC] PHP Notice:  Undefined variable: class in /var/www/html/wordpress101/wp-content/themes/awesometheme/index.php on line 18
[07-Sep-2018 16:16:57 UTC] PHP Notice:  Undefined variable: class in /var/www/html/wordpress101/wp-content/themes/awesometheme/index.php on line 18
[07-Sep-2018 16:17:06 UTC] PHP Notice:  Undefined variable: class in /var/www/html/wordpress101/wp-content/themes/awesometheme/index.php on line 18
[07-Sep-2018 16:17:46 UTC] PHP Notice:  Undefined variable: class in /var/www/html/wordpress101/wp-content/themes/awesometheme/index.php on line 18
[07-Sep-2018 16:17:46 UTC] PHP Notice:  Undefined variable: class in /var/www/html/wordpress101/wp-content/themes/awesometheme/index.php on line 18
[07-Sep-2018 16:17:46 UTC] PHP Notice:  Undefined variable: class in /var/www/html/wordpress101/wp-content/themes/awesometheme/index.php on line 18
[07-Sep-2018 16:17:47 UTC] PHP Notice:  Undefined variable: class in /var/www/html/wordpress101/wp-content/themes/awesometheme/index.php on line 18
[07-Sep-2018 16:17:49 UTC] PHP Notice:  Undefined variable: class in /var/www/html/wordpress101/wp-content/themes/awesometheme/index.php on line 18
[07-Sep-2018 16:17:51 UTC] PHP Notice:  Undefined variable: class in /var/www/html/wordpress101/wp-content/themes/awesometheme/index.php on line 18
[07-Sep-2018 16:17:53 UTC] PHP Notice:  Undefined variable: class in /var/www/html/wordpress101/wp-content/themes/awesometheme/index.php on line 18
[07-Sep-2018 16:17:55 UTC] PHP Notice:  Undefined variable: class in /var/www/html/wordpress101/wp-content/themes/awesometheme/index.php on line 18
[07-Sep-2018 16:18:12 UTC] PHP Notice:  Undefined variable: class in /var/www/html/wordpress101/wp-content/themes/awesometheme/index.php on line 18
[07-Sep-2018 16:36:59 UTC] PHP Notice:  Undefined variable: class in /var/www/html/wordpress101/wp-content/themes/awesometheme/index.php on line 18
[07-Sep-2018 16:37:05 UTC] PHP Notice:  Undefined variable: class in /var/www/html/wordpress101/wp-content/themes/awesometheme/index.php on line 18
[07-Sep-2018 16:37:07 UTC] PHP Notice:  Undefined variable: class in /var/www/html/wordpress101/wp-content/themes/awesometheme/index.php on line 18
[07-Sep-2018 16:37:18 UTC] PHP Notice:  Undefined variable: class in /var/www/html/wordpress101/wp-content/themes/awesometheme/index.php on line 18
[07-Sep-2018 16:37:30 UTC] PHP Notice:  Undefined variable: class in /var/www/html/wordpress101/wp-content/themes/awesometheme/index.php on line 18
[07-Sep-2018 19:06:41 UTC] PHP Notice:  Undefined variable: class in /var/www/html/wordpress101/wp-content/themes/awesometheme/index.php on line 18
[07-Sep-2018 19:10:08 UTC] PHP Notice:  Undefined variable: class in /var/www/html/wordpress101/wp-content/themes/awesometheme/index.php on line 18
[07-Sep-2018 19:22:43 UTC] PHP Notice:  Theme without comments.php is <strong>deprecated</strong> since version 3.0.0 with no alternative available. Please include a comments.php template in your theme. in /var/www/html/wordpress101/wp-includes/functions.php on line 3962
[07-Sep-2018 19:24:30 UTC] PHP Notice:  Theme without comments.php is <strong>deprecated</strong> since version 3.0.0 with no alternative available. Please include a comments.php template in your theme. in /var/www/html/wordpress101/wp-includes/functions.php on line 3962
[07-Sep-2018 19:24:58 UTC] PHP Notice:  Undefined variable: class in /var/www/html/wordpress101/wp-content/themes/awesometheme/index.php on line 18
[07-Sep-2018 19:24:59 UTC] PHP Notice:  Theme without comments.php is <strong>deprecated</strong> since version 3.0.0 with no alternative available. Please include a comments.php template in your theme. in /var/www/html/wordpress101/wp-includes/functions.php on line 3962
[07-Sep-2018 19:25:26 UTC] PHP Notice:  Undefined variable: class in /var/www/html/wordpress101/wp-content/themes/awesometheme/index.php on line 18
[07-Sep-2018 20:12:04 UTC] PHP Notice:  Undefined variable: class in /var/www/html/wordpress101/wp-content/themes/awesometheme/index.php on line 18
[07-Sep-2018 20:12:25 UTC] PHP Notice:  Undefined variable: class in /var/www/html/wordpress101/wp-content/themes/awesometheme/index.php on line 18
[07-Sep-2018 20:50:14 UTC] PHP Notice:  Undefined variable: class in /var/www/html/wordpress101/wp-content/themes/awesometheme/index.php on line 18
[07-Sep-2018 20:50:24 UTC] PHP Notice:  Undefined variable: class in /var/www/html/wordpress101/wp-content/themes/awesometheme/index.php on line 18
[07-Sep-2018 20:51:33 UTC] PHP Notice:  Undefined variable: class in /var/www/html/wordpress101/wp-content/themes/awesometheme/index.php on line 18
[07-Sep-2018 20:51:34 UTC] PHP Notice:  Undefined variable: class in /var/www/html/wordpress101/wp-content/themes/awesometheme/index.php on line 18
[07-Sep-2018 20:51:35 UTC] PHP Notice:  Undefined variable: class in /var/www/html/wordpress101/wp-content/themes/awesometheme/index.php on line 18
[07-Sep-2018 20:51:45 UTC] PHP Notice:  Undefined variable: class in /var/www/html/wordpress101/wp-content/themes/awesometheme/index.php on line 18
[07-Sep-2018 21:07:43 UTC] PHP Notice:  Undefined variable: class in /var/www/html/wordpress101/wp-content/themes/awesometheme/index.php on line 18
[07-Sep-2018 21:07:50 UTC] PHP Notice:  Undefined variable: class in /var/www/html/wordpress101/wp-content/themes/awesometheme/index.php on line 18
[07-Sep-2018 21:07:58 UTC] PHP Notice:  Undefined variable: class in /var/www/html/wordpress101/wp-content/themes/awesometheme/index.php on line 18
[07-Sep-2018 21:09:06 UTC] PHP Notice:  Undefined variable: class in /var/www/html/wordpress101/wp-content/themes/awesometheme/index.php on line 18
[07-Sep-2018 21:09:10 UTC] PHP Notice:  Undefined variable: class in /var/www/html/wordpress101/wp-content/themes/awesometheme/index.php on line 18
[07-Sep-2018 21:10:51 UTC] PHP Notice:  Undefined variable: class in /var/www/html/wordpress101/wp-content/themes/awesometheme/index.php on line 18
[07-Sep-2018 21:10:52 UTC] PHP Notice:  Undefined variable: class in /var/www/html/wordpress101/wp-content/themes/awesometheme/index.php on line 18
[07-Sep-2018 21:10:52 UTC] PHP Notice:  Undefined variable: class in /var/www/html/wordpress101/wp-content/themes/awesometheme/index.php on line 18
[07-Sep-2018 21:15:56 UTC] PHP Notice:  Undefined variable: class in /var/www/html/wordpress101/wp-content/themes/awesometheme/index.php on line 18
[07-Sep-2018 21:16:03 UTC] PHP Notice:  Undefined variable: class in /var/www/html/wordpress101/wp-content/themes/awesometheme/index.php on line 18
[07-Sep-2018 21:16:07 UTC] PHP Notice:  Undefined variable: class in /var/www/html/wordpress101/wp-content/themes/awesometheme/index.php on line 18
